time=2023-07-20 17:20:54 UTC, db=, usr=, client= , app= LOG:  starting PostgreSQL 15.2 on x86_64-pc-linux-musl, compiled by gcc (Alpine 12.2.1_git20220924-r4) 12.2.1 20220924, 64-bit
time=2023-07-20 17:20:54 UTC, db=, usr=, client= , app= LOG:  listening on IPv4 address "0.0.0.0", port 5432
time=2023-07-20 17:20:54 UTC, db=, usr=, client= , app= LOG:  listening on IPv6 address "::", port 5432
time=2023-07-20 17:20:54 UTC, db=, usr=, client= , app= LOG:  listening on Unix socket "/var/run/postgresql/.s.PGSQL.5432"
time=2023-07-20 17:20:54 UTC, db=, usr=, client= , app= LOG:  database system was shut down at 2023-07-20 17:20:54 UTC
time=2023-07-20 17:20:54 UTC, db=, usr=, client= , app= LOG:  database system is ready to accept connections
time=2023-07-20 17:21:14 UTC, db=, usr=, client= , app= LOG:  automatic analyze of table "template1.pg_catalog.pg_type"
	avg read rate: 71.429 MB/s, avg write rate: 13.393 MB/s
	buffer usage: 1003 hits, 64 misses, 12 dirtied
	system usage: CPU: user: 0.00 s, system: 0.00 s, elapsed: 0.00 s
time=2023-07-20 17:21:14 UTC, db=, usr=, client= , app= LOG:  automatic analyze of table "template1.pg_catalog.pg_attribute"
	avg read rate: 24.740 MB/s, avg write rate: 3.906 MB/s
	buffer usage: 469 hits, 38 misses, 6 dirtied
	system usage: CPU: user: 0.00 s, system: 0.00 s, elapsed: 0.01 s
time=2023-07-20 17:21:14 UTC, db=, usr=, client= , app= LOG:  automatic aggressive vacuum of table "template1.pg_catalog.pg_class": index scans: 0
	pages: 0 removed, 14 remain, 14 scanned (100.00% of total)
	tuples: 0 removed, 410 remain, 0 are dead but not yet removable
	removable cutoff: 729, which was 0 XIDs old when operation ended
	new relfrozenxid: 729, which is 12 XIDs ahead of previous value
	index scan not needed: 0 pages from table (0.00% of total) had 0 dead item identifiers removed
	avg read rate: 284.091 MB/s, avg write rate: 47.348 MB/s
	buffer usage: 48 hits, 6 misses, 1 dirtied
	WAL usage: 1 records, 1 full page images, 3653 bytes
	system usage: CPU: user: 0.00 s, system: 0.00 s, elapsed: 0.00 s
time=2023-07-20 17:21:14 UTC, db=, usr=, client= , app= LOG:  automatic analyze of table "template1.pg_catalog.pg_class"
	avg read rate: 7.812 MB/s, avg write rate: 5.208 MB/s
	buffer usage: 517 hits, 6 misses, 4 dirtied
	system usage: CPU: user: 0.00 s, system: 0.00 s, elapsed: 0.00 s
time=2023-07-20 17:21:14 UTC, db=, usr=, client= , app= LOG:  automatic analyze of table "template1.pg_catalog.pg_constraint"
	avg read rate: 9.766 MB/s, avg write rate: 1.953 MB/s
	buffer usage: 525 hits, 5 misses, 1 dirtied
	system usage: CPU: user: 0.00 s, system: 0.00 s, elapsed: 0.00 s
time=2023-07-20 17:21:14 UTC, db=, usr=, client= , app= LOG:  automatic analyze of table "template1.pg_catalog.pg_rewrite"
	avg read rate: 132.812 MB/s, avg write rate: 15.625 MB/s
	buffer usage: 109 hits, 17 misses, 2 dirtied
	system usage: CPU: user: 0.00 s, system: 0.00 s, elapsed: 0.00 s
time=2023-07-20 17:21:14 UTC, db=, usr=, client= , app= LOG:  automatic analyze of table "template1.pg_catalog.pg_description"
	avg read rate: 91.797 MB/s, avg write rate: 5.859 MB/s
	buffer usage: 71 hits, 47 misses, 3 dirtied
	system usage: CPU: user: 0.00 s, system: 0.00 s, elapsed: 0.00 s
time=2023-07-20 17:21:14 UTC, db=, usr=, client= , app= LOG:  automatic aggressive vacuum of table "template1.pg_catalog.pg_depend": index scans: 0
	pages: 0 removed, 14 remain, 14 scanned (100.00% of total)
	tuples: 0 removed, 1831 remain, 0 are dead but not yet removable
	removable cutoff: 733, which was 0 XIDs old when operation ended
	new relfrozenxid: 733, which is 16 XIDs ahead of previous value
	index scan not needed: 0 pages from table (0.00% of total) had 0 dead item identifiers removed
	avg read rate: 583.022 MB/s, avg write rate: 29.151 MB/s
	buffer usage: 52 hits, 20 misses, 1 dirtied
	WAL usage: 1 records, 1 full page images, 7833 bytes
	system usage: CPU: user: 0.00 s, system: 0.00 s, elapsed: 0.00 s
time=2023-07-20 17:21:14 UTC, db=, usr=, client= , app= LOG:  automatic analyze of table "template1.pg_catalog.pg_depend"
	avg read rate: 0.000 MB/s, avg write rate: 3.906 MB/s
	buffer usage: 101 hits, 0 misses, 1 dirtied
	system usage: CPU: user: 0.00 s, system: 0.00 s, elapsed: 0.00 s
time=2023-07-20 17:21:14 UTC, db=, usr=, client= , app= LOG:  automatic analyze of table "template1.pg_catalog.pg_ts_config_map"
	avg read rate: 46.875 MB/s, avg write rate: 15.625 MB/s
	buffer usage: 51 hits, 6 misses, 2 dirtied
	system usage: CPU: user: 0.00 s, system: 0.00 s, elapsed: 0.00 s
time=2023-07-20 17:21:14 UTC, db=, usr=, client= , app= LOG:  automatic analyze of table "template1.pg_catalog.pg_init_privs"
	avg read rate: 39.062 MB/s, avg write rate: 7.812 MB/s
	buffer usage: 81 hits, 5 misses, 1 dirtied
	system usage: CPU: user: 0.00 s, system: 0.00 s, elapsed: 0.00 s
time=2023-07-20 17:21:14 UTC, db=, usr=, client= , app= LOG:  automatic analyze of table "template1.pg_catalog.pg_collation"
	avg read rate: 62.500 MB/s, avg write rate: 3.906 MB/s
	buffer usage: 97 hits, 16 misses, 1 dirtied
	system usage: CPU: user: 0.00 s, system: 0.00 s, elapsed: 0.00 s
time=2023-07-20 17:21:14 UTC, db=, usr=, client= , app= LOG:  automatic analyze of table "template1.information_schema.sql_features"
	avg read rate: 50.781 MB/s, avg write rate: 11.719 MB/s
	buffer usage: 180 hits, 13 misses, 3 dirtied
	system usage: CPU: user: 0.00 s, system: 0.00 s, elapsed: 0.00 s
time=2023-07-20 17:22:14 UTC, db=, usr=, client= , app= LOG:  automatic aggressive vacuum of table "template1.pg_catalog.pg_statistic": index scans: 1
	pages: 0 removed, 24 remain, 24 scanned (100.00% of total)
	tuples: 109 removed, 404 remain, 0 are dead but not yet removable
	removable cutoff: 738, which was 0 XIDs old when operation ended
	new relfrozenxid: 738, which is 21 XIDs ahead of previous value
	index scan needed: 12 pages from table (50.00% of total) had 137 dead item identifiers removed
	index "pg_statistic_relid_att_inh_index": pages: 5 in total, 0 newly deleted, 0 currently deleted, 0 reusable
	avg read rate: 52.669 MB/s, avg write rate: 17.556 MB/s
	buffer usage: 84 hits, 6 misses, 2 dirtied
	WAL usage: 61 records, 3 full page images, 23223 bytes
	system usage: CPU: user: 0.00 s, system: 0.00 s, elapsed: 0.00 s
time=2023-07-20 17:25:54 UTC, db=, usr=, client= , app= LOG:  checkpoint starting: time
time=2023-07-20 17:25:58 UTC, db=, usr=, client= , app= LOG:  checkpoint complete: wrote 45 buffers (0.3%); 0 WAL file(s) added, 0 removed, 0 recycled; write=4.221 s, sync=0.007 s, total=4.248 s; sync files=13, longest=0.004 s, average=0.001 s; distance=258 kB, estimate=258 kB
time=2023-07-20 17:29:33 UTC, db=[unknown], usr=[unknown], client=view-localhost , app=[unknown] LOG:  connection received: host=view-localhost port=50718
time=2023-07-20 17:29:33 UTC, db=postgres, usr=postgres, client=view-localhost , app=[unknown] LOG:  connection authorized: user=postgres database=postgres
time=2023-07-20 17:29:33 UTC, db=postgres, usr=postgres, client=view-localhost , app=[unknown] LOG:  statement: SELECT version();
time=2023-07-20 17:29:33 UTC, db=postgres, usr=postgres, client=view-localhost , app=[unknown] LOG:  duration: 0.477 ms
time=2023-07-20 17:29:33 UTC, db=postgres, usr=postgres, client=view-localhost , app=[unknown] LOG:  QUERY STATISTICS
time=2023-07-20 17:29:33 UTC, db=postgres, usr=postgres, client=view-localhost , app=[unknown] DETAIL:  ! system usage stats:
	!	0.000000 s user, 0.000479 s system, 0.000479 s elapsed
	!	[0.000000 s user, 0.002588 s system total]
	!	11500 kB max resident size
	!	0/8 [0/8] filesystem blocks in/out
	!	28/61 [32/599] page faults/reclaims, 0 [0] swaps
	!	0 [0] signals rcvd, 0/0 [0/0] messages rcvd/sent
	!	0/0 [1/0] voluntary/involuntary context switches
time=2023-07-20 17:29:33 UTC, db=postgres, usr=postgres, client=view-localhost , app=[unknown] STATEMENT:  SELECT version();
time=2023-07-21 03:22:26 UTC, db=postgres, usr=postgres, client=view-localhost , app=[unknown] LOG:  statement: 
			SELECT
				datid
				,datname
				,numbackends
				,xact_commit
				,xact_rollback
				,blks_read
				,blks_hit
				,tup_returned
				,tup_fetched
				,tup_inserted
				,tup_updated
				,tup_deleted
				,conflicts
				,temp_files
				,temp_bytes
				,deadlocks
				,blk_read_time
				,blk_write_time
				,stats_reset
			FROM pg_stat_database;
		
